SpendAnalytics app listening at http://0.0.0.0:8081
SyntaxError: Unexpected token t
    at parse (/usr/local/spendanalytics/WebServices/node_modules/body-parser/lib/types/json.js:83:15)
    at /usr/local/spendanalytics/WebServices/node_modules/body-parser/lib/read.js:116:18
    at invokeCallback (/usr/local/spendanalytics/WebServices/node_modules/body-parser/node_modules/raw-body/index.js:262:16)
    at done (/usr/local/spendanalytics/WebServices/node_modules/body-parser/node_modules/raw-body/index.js:251:7)
    at IncomingMessage.onEnd (/usr/local/spendanalytics/WebServices/node_modules/body-parser/node_modules/raw-body/index.js:307:7)
    at IncomingMessage.EventEmitter.emit (events.js:92:17)
    at _stream_readable.js:920:16
    at process._tickCallback (node.js:415:13)
SyntaxError: Unexpected token t
    at parse (/usr/local/spendanalytics/WebServices/node_modules/body-parser/lib/types/json.js:83:15)
    at /usr/local/spendanalytics/WebServices/node_modules/body-parser/lib/read.js:116:18
    at invokeCallback (/usr/local/spendanalytics/WebServices/node_modules/body-parser/node_modules/raw-body/index.js:262:16)
    at done (/usr/local/spendanalytics/WebServices/node_modules/body-parser/node_modules/raw-body/index.js:251:7)
    at IncomingMessage.onEnd (/usr/local/spendanalytics/WebServices/node_modules/body-parser/node_modules/raw-body/index.js:307:7)
    at IncomingMessage.EventEmitter.emit (events.js:92:17)
    at _stream_readable.js:920:16
    at process._tickCallback (node.js:415:13)
SyntaxError: Unexpected token t
    at parse (/usr/local/spendanalytics/WebServices/node_modules/body-parser/lib/types/json.js:83:15)
    at /usr/local/spendanalytics/WebServices/node_modules/body-parser/lib/read.js:116:18
    at invokeCallback (/usr/local/spendanalytics/WebServices/node_modules/body-parser/node_modules/raw-body/index.js:262:16)
    at done (/usr/local/spendanalytics/WebServices/node_modules/body-parser/node_modules/raw-body/index.js:251:7)
    at IncomingMessage.onEnd (/usr/local/spendanalytics/WebServices/node_modules/body-parser/node_modules/raw-body/index.js:307:7)
    at IncomingMessage.EventEmitter.emit (events.js:92:17)
    at _stream_readable.js:920:16
    at process._tickCallback (node.js:415:13)
SpendAnalytics app listening at http://0.0.0.0:8081
SpendAnalytics app listening at http://0.0.0.0:8081
[ { TRANSACTION_ID: 999987,
    CIF: 53001,
    BSNS_DATE: '14-Jul-16',
    TRANSACTION_TYPE: 'DEBIT CARD TRANSACTION1',
    DESCRIPTION: 'RELIANCE FRESH PURCHASE',
    PAID_IN: 80,
    PAID_OUT: 119,
    BALANCE: 11121,
    ACCOUNT_NO: 1236698612 } ]
{ transactions: 
   [ { TRANSACTION_ID: 999987,
       CIF: '53001',
       BSNS_DATE: '14-Jul-16',
       TRANSACTION_TYPE: 'DEBIT CARD TRANSACTION1',
       DESCRIPTION: 'RELIANCE FRESH PURCHASE',
       PAID_IN: 80,
       PAID_OUT: 119,
       BALANCE: 11121,
       ACCOUNT_NO: 1236698612 } ] }
{ transactions: 
   [ { TRANSACTION_ID: 999987,
       CIF: 53001,
       BSNS_DATE: '14-Jul-16',
       TRANSACTION_TYPE: 'DEBIT CARD TRANSACTION1',
       DESCRIPTION: 'RELIANCE FRESH PURCHASE',
       PAID_IN: 80,
       PAID_OUT: 119,
       BALANCE: 11121,
       ACCOUNT_NO: 1236698612 } ] }
SyntaxError: Unexpected token t
    at Object.parse (native)
    at parse (/usr/local/spendanalytics/WebServices/node_modules/body-parser/lib/types/json.js:88:17)
    at /usr/local/spendanalytics/WebServices/node_modules/body-parser/lib/read.js:116:18
    at invokeCallback (/usr/local/spendanalytics/WebServices/node_modules/body-parser/node_modules/raw-body/index.js:262:16)
    at done (/usr/local/spendanalytics/WebServices/node_modules/body-parser/node_modules/raw-body/index.js:251:7)
    at IncomingMessage.onEnd (/usr/local/spendanalytics/WebServices/node_modules/body-parser/node_modules/raw-body/index.js:307:7)
    at IncomingMessage.EventEmitter.emit (events.js:92:17)
    at _stream_readable.js:920:16
    at process._tickCallback (node.js:415:13)
SyntaxError: Unexpected token [
    at Object.parse (native)
    at parse (/usr/local/spendanalytics/WebServices/node_modules/body-parser/lib/types/json.js:88:17)
    at /usr/local/spendanalytics/WebServices/node_modules/body-parser/lib/read.js:116:18
    at invokeCallback (/usr/local/spendanalytics/WebServices/node_modules/body-parser/node_modules/raw-body/index.js:262:16)
    at done (/usr/local/spendanalytics/WebServices/node_modules/body-parser/node_modules/raw-body/index.js:251:7)
    at IncomingMessage.onEnd (/usr/local/spendanalytics/WebServices/node_modules/body-parser/node_modules/raw-body/index.js:307:7)
    at IncomingMessage.EventEmitter.emit (events.js:92:17)
    at _stream_readable.js:920:16
    at process._tickCallback (node.js:415:13)
{ transactions: 
   [ { TRANSACTION_ID: 999987,
       CIF: 53001,
       BSNS_DATE: '14-Jul-16',
       TRANSACTION_TYPE: 'DEBIT CARD TRANSACTION1',
       DESCRIPTION: 'RELIANCE FRESH PURCHASE',
       PAID_IN: 80,
       PAID_OUT: 119,
       BALANCE: 11121,
       ACCOUNT_NO: 1236698612 } ] }
SpendAnalytics app listening at http://0.0.0.0:8081
{ transactions: 
   [ { TRANSACTION_ID: 999987,
       CIF: 53001,
       BSNS_DATE: '14-Jul-16',
       TRANSACTION_TYPE: 'Income',
       DESCRIPTION: 'Transaction Income Type',
       PAID_IN: 0,
       PAID_OUT: '230',
       BALANCE: 0,
       ACCOUNT_NO: 1236698612 } ] }
0
1
1
0
{ transactions: 
   [ { TRANSACTION_ID: 999987,
       CIF: 53001,
       BSNS_DATE: '14-Jul-16',
       TRANSACTION_TYPE: 'Income',
       DESCRIPTION: 'Income Test Type',
       PAID_IN: 0,
       PAID_OUT: 300,
       BALANCE: 0,
       ACCOUNT_NO: 1236698612 } ] }
0
1
2
0
{ transactions: 
   [ { TRANSACTION_ID: 999987,
       CIF: 53001,
       BSNS_DATE: '14-Jul-16',
       TRANSACTION_TYPE: 'Income',
       DESCRIPTION: 'test',
       PAID_IN: 0,
       PAID_OUT: 23,
       BALANCE: 0,
       ACCOUNT_NO: 1236698612 } ] }
0
1
3
0
{ transactions: 
   [ { TRANSACTION_ID: 999987,
       CIF: 53001,
       BSNS_DATE: '14-Jul-16',
       TRANSACTION_TYPE: 'Income',
       DESCRIPTION: 'test',
       PAID_IN: 0,
       PAID_OUT: 23,
       BALANCE: 0,
       ACCOUNT_NO: 1236698612 } ] }
0
1
4
0
SpendAnalytics app listening at http://0.0.0.0:8081
{ transactions: 
   [ { TRANSACTION_ID: 999987,
       CIF: 53001,
       BSNS_DATE: '15-Jul-16',
       TRANSACTION_TYPE: 'DEBIT CARD TRANSACTION1',
       DESCRIPTION: 'RELIANCE FRESH PURCHASE',
       PAID_IN: 80,
       PAID_OUT: 119,
       BALANCE: 11121,
       ACCOUNT_NO: 1236698612 } ] }
SpendAnalytics app listening at http://0.0.0.0:8081
SpendAnalytics app listening at http://0.0.0.0:8081
{ transactions: 
   [ { TRANSACTION_ID: 999987,
       CIF: 53001,
       BSNS_DATE: '10-Jul-16',
       TRANSACTION_TYPE: 'Income',
       DESCRIPTION: 'Income type Decription',
       PAID_IN: 0,
       PAID_OUT: 2000,
       BALANCE: 0,
       ACCOUNT_NO: 1236698612 } ] }
{ transactions: 
   [ { TRANSACTION_ID: 999987,
       CIF: 53001,
       BSNS_DATE: '10-jul-16',
       TRANSACTION_TYPE: '',
       DESCRIPTION: 'kdhjesf',
       PAID_IN: 0,
       PAID_OUT: 4350,
       BALANCE: 0,
       ACCOUNT_NO: 1236698612 } ] }
{ transactions: 
   [ { TRANSACTION_ID: 999987,
       CIF: 53001,
       BSNS_DATE: '10-Jul-16',
       TRANSACTION_TYPE: 'Transfer',
       DESCRIPTION: 'Income Record Type',
       PAID_IN: 0,
       PAID_OUT: 1000,
       BALANCE: 0,
       ACCOUNT_NO: 1236698612 } ] }
{ transactions: 
   [ { TRANSACTION_ID: 999987,
       CIF: 53001,
       BSNS_DATE: '10-jul-16',
       TRANSACTION_TYPE: 'on',
       DESCRIPTION: 'test',
       PAID_IN: 0,
       PAID_OUT: 23,
       BALANCE: 0,
       ACCOUNT_NO: 1236698612 } ] }
{ transactions: 
   [ { TRANSACTION_ID: 999987,
       CIF: 53001,
       BSNS_DATE: '10-jul-16',
       TRANSACTION_TYPE: '',
       DESCRIPTION: 'test',
       PAID_IN: 0,
       PAID_OUT: 23,
       BALANCE: 0,
       ACCOUNT_NO: 1236698612 } ] }
SpendAnalytics app listening at http://0.0.0.0:8081
